{
  "RSpec": {
    "coverage": {
      "/Users/samanthapeterson/turing/mod1repeat/projects/enigma/lib/key.rb": {
        "lines": [
          1,
          null,
          1,
          1,
          1,
          6,
          1,
          null,
          null
        ]
      },
      "/Users/samanthapeterson/turing/mod1repeat/projects/enigma/lib/enigma.rb": {
        "lines": [
          1,
          1,
          null,
          1,
          null,
          1,
          null,
          1,
          null,
          null,
          1,
          1,
          1,
          null,
          null,
          1,
          0,
          0,
          0,
          0,
          0,
          null,
          null
        ]
      },
      "/Users/samanthapeterson/turing/mod1repeat/projects/enigma/module/shiftable.rb": {
        "lines": [
          1,
          null,
          1,
          0,
          0,
          0,
          0,
          null,
          null,
          1,
          0,
          null,
          null
        ]
      }
    },
    "timestamp": 1623597350
  }
}
