{
  "RSpec": {
    "coverage": {
      "/Users/samanthapeterson/turing/mod1repeat/projects/enigma/lib/key.rb": {
        "lines": [
          1,
          null,
          1,
          3,
          3,
          18,
          3,
          null,
          null
        ]
      },
      "/Users/samanthapeterson/turing/mod1repeat/projects/enigma/lib/enigma.rb": {
        "lines": [
          1,
          null,
          1,
          null,
          1,
          2,
          2,
          null,
          null,
          1,
          1,
          1,
          1,
          1,
          1,
          null,
          null
        ]
      }
    },
    "timestamp": 1623537525
  }
}
